<<<<<<< Updated upstream
\BOOKMARK [1][-]{section*.2}{\376\377\000C\000o\000m\000m\000e\000n\000t\000\040\000u\000t\000i\000l\000i\000s\000e\000r\000\040\000c\000e\000\040\000d\000o\000c\000u\000m\000e\000n\000t\000\040\000?}{}% 1
\BOOKMARK [1][-]{section*.5}{\376\377\000R\000e\000m\000e\000r\000c\000i\000e\000m\000e\000n\000t\000s}{}% 2
\BOOKMARK [1][-]{section.1}{\376\377\000T\000r\000a\000n\000s\000f\000o\000r\000m\000a\000t\000i\000o\000n\000s}{}% 3
\BOOKMARK [2][-]{subsection.1.1}{\376\377\000T\000e\000i\000n\000t\000u\000r\000e\000s\000\040\000m\000\350\000r\000e\000s}{section.1}% 4
\BOOKMARK [2][-]{subsection.1.2}{\376\377\000S\000o\000l\000v\000a\000n\000t\000\040\000e\000a\000u}{section.1}% 5
\BOOKMARK [2][-]{subsection.1.3}{\376\377\000S\000o\000l\000v\000a\000n\000t\000\040\000v\000i\000n\000a\000i\000g\000r\000e}{section.1}% 6
\BOOKMARK [2][-]{subsection.1.4}{\376\377\000M\000a\000c\000\351\000r\000a\000t\000\040\000h\000u\000i\000l\000e\000u\000x}{section.1}% 7
\BOOKMARK [1][-]{section.2}{\376\377\000B\000o\000t\000a\000n\000i\000q\000u\000e}{}% 8
\BOOKMARK [2][-]{subsection.2.1}{\376\377\000I\000n\000t\000r\000o\000d\000u\000c\000t\000i\000o\000n}{section.2}% 9
\BOOKMARK [2][-]{subsection.2.2}{\376\377\000A\000s\000t\000e\000r\000a\000c\000e\000a\000e}{section.2}% 10
\BOOKMARK [3][-]{subsubsection.2.2.1}{\376\377\000A\000c\000h\000i\000l\000l\000\351\000e\000\040\000m\000i\000l\000l\000e\000f\000e\000u\000i\000l\000l\000e}{subsection.2.2}% 11
\BOOKMARK [3][-]{subsubsection.2.2.2}{\376\377\000A\000r\000m\000o\000i\000s\000e\000\040\000a\000n\000n\000u\000e\000l\000l\000e}{subsection.2.2}% 12
\BOOKMARK [2][-]{subsection.2.3}{\376\377\000B\000r\000a\000c\000i\000c\000a\000c\000e\000a\000e}{section.2}% 13
\BOOKMARK [2][-]{subsection.2.4}{\376\377\000H\000y\000p\000e\000r\000i\000c\000a\000c\000e\000a\000e}{section.2}% 14
\BOOKMARK [3][-]{subsubsection.2.4.1}{\376\377\000M\000i\000l\000l\000e\000p\000e\000r\000t\000u\000i\000s}{subsection.2.4}% 15
\BOOKMARK [2][-]{subsection.2.5}{\376\377\000L\000a\000m\000i\000a\000c\000e\000a\000e}{section.2}% 16
\BOOKMARK [3][-]{subsubsection.2.5.1}{\376\377\000S\000a\000u\000g\000e}{subsection.2.5}% 17
\BOOKMARK [3][-]{subsubsection.2.5.2}{\376\377\000R\000o\000m\000a\000r\000i\000n}{subsection.2.5}% 18
\BOOKMARK [2][-]{subsection.2.6}{\376\377\000R\000o\000s\000a\000c\000e\000a\000e}{section.2}% 19
\BOOKMARK [3][-]{subsubsection.2.6.1}{\376\377\000A\000u\000b\000\351\000p\000i\000n\000e}{subsection.2.6}% 20
\BOOKMARK [2][-]{subsection.2.7}{\376\377\000S\000o\000l\000a\000n\000a\000c\000e\000a\000e}{section.2}% 21
\BOOKMARK [2][-]{subsection.2.8}{\376\377\000U\000r\000t\000i\000c\000a\000c\000e\000a\000e}{section.2}% 22
\BOOKMARK [3][-]{subsubsection.2.8.1}{\376\377\000O\000r\000t\000i\000e}{subsection.2.8}% 23
\BOOKMARK [1][-]{section.3}{\376\377\000R\000e\000c\000e\000t\000t\000e\000s}{}% 24
\BOOKMARK [2][-]{subsection.3.1}{\376\377\000B\000a\000u\000m\000e\000s}{section.3}% 25
\BOOKMARK [3][-]{subsubsection.3.1.1}{\376\377\000B\000a\000u\000m\000e\000\040\000\340\000\040\000l\000\350\000v\000r\000e\000s\000\040\000-\000\040\000a\000n\000t\000i\000-\000i\000n\000f\000l\000a\000m\000m\000a\000t\000o\000i\000r\000e\000\040}{subsection.3.1}% 26
\BOOKMARK [3][-]{subsubsection.3.1.2}{\376\377\000B\000a\000u\000m\000e\000\040\000p\000o\000u\000r\000\040\000l\000a\000\040\000l\000i\000g\000n\000\351\000e\000\040\000f\000\351\000m\000i\000n\000i\000n\000e\000\040}{subsection.3.1}% 27
\BOOKMARK [2][-]{subsection.3.2}{\376\377\000C\000u\000i\000s\000i\000n\000e}{section.3}% 28
\BOOKMARK [2][-]{subsection.3.3}{\376\377\000O\000n\000g\000u\000e\000n\000t\000s}{section.3}% 29
\BOOKMARK [2][-]{subsection.3.4}{\376\377\000H\000u\000i\000l\000e\000s}{section.3}% 30
\BOOKMARK [2][-]{subsection.3.5}{\376\377\000T\000i\000s\000a\000n\000e\000s}{section.3}% 31
\BOOKMARK [2][-]{subsection.3.6}{\376\377\000V\000i\000n\000a\000i\000g\000r\000e\000s}{section.3}% 32
\BOOKMARK [3][-]{subsubsection.3.6.1}{\376\377\000V\000i\000n\000a\000i\000g\000r\000e\000\040\000d\000'\000o\000r\000i\000g\000a\000n\000\040}{subsection.3.6}% 33
\BOOKMARK [1][-]{section.4}{\376\377\000U\000t\000i\000l\000i\000s\000a\000t\000i\000o\000n\000s\000\040\000m\000\351\000d\000i\000c\000i\000n\000a\000l\000e\000s}{}% 34
\BOOKMARK [2][-]{subsection.4.1}{\376\377\000S\000a\000i\000g\000n\000e\000m\000e\000n\000t\000s}{section.4}% 35
\BOOKMARK [2][-]{subsection.4.2}{\376\377\000M\000i\000g\000r\000a\000i\000n\000e\000s}{section.4}% 36
\BOOKMARK [2][-]{subsection.4.3}{\376\377\000D\000o\000u\000l\000e\000u\000r\000s\000\040\000d\000e\000\040\000r\000\350\000g\000l\000e\000s}{section.4}% 37
\BOOKMARK [2][-]{subsection.4.4}{\376\377\000B\000r\000u\000l\000\373\000r\000e\000s}{section.4}% 38
\BOOKMARK [2][-]{subsection.4.5}{\376\377\000I\000r\000r\000i\000t\000a\000t\000i\000o\000n\000s}{section.4}% 39
\BOOKMARK [2][-]{subsection.4.6}{\376\377\000C\000o\000u\000p\000u\000r\000e\000s}{section.4}% 40
\BOOKMARK [2][-]{subsection.4.7}{\376\377\000B\000a\000l\000l\000o\000n\000n\000e\000m\000e\000n\000t\000s}{section.4}% 41
\BOOKMARK [1][-]{section.5}{\376\377\000L\000i\000s\000t\000e\000\040\000d\000e\000s\000\040\0001\0004\0008}{}% 42
\BOOKMARK [1][-]{section*.6}{\376\377\000I\000n\000d\000e\000x\000\040\000d\000e\000s\000\040\000t\000e\000r\000m\000e\000s}{}% 43
\BOOKMARK [1][-]{section*.8}{\376\377\000R\000\351\000f\000\351\000r\000e\000n\000c\000e\000s}{}% 44
=======
\BOOKMARK [1][-]{section*.2}{\376\377\000R\000e\000m\000e\000r\000c\000i\000e\000m\000e\000n\000t\000s}{}% 1
\BOOKMARK [1][-]{section.1}{\376\377\000T\000r\000a\000n\000s\000f\000o\000r\000m\000a\000t\000i\000o\000n\000s}{}% 2
\BOOKMARK [2][-]{subsection.1.1}{\376\377\000T\000e\000i\000n\000t\000u\000r\000e\000s\000\040\000m\000\350\000r\000e\000s}{section.1}% 3
\BOOKMARK [2][-]{subsection.1.2}{\376\377\000S\000o\000l\000v\000a\000n\000t\000\040\000e\000a\000u}{section.1}% 4
\BOOKMARK [2][-]{subsection.1.3}{\376\377\000S\000o\000l\000v\000a\000n\000t\000\040\000v\000i\000n\000a\000i\000g\000r\000e}{section.1}% 5
\BOOKMARK [2][-]{subsection.1.4}{\376\377\000M\000a\000c\000\351\000r\000a\000t\000\040\000h\000u\000i\000l\000e\000u\000x}{section.1}% 6
\BOOKMARK [1][-]{section.2}{\376\377\000B\000o\000t\000a\000n\000i\000q\000u\000e}{}% 7
\BOOKMARK [2][-]{subsection.2.1}{\376\377\000I\000n\000t\000r\000o\000d\000u\000c\000t\000i\000o\000n}{section.2}% 8
\BOOKMARK [2][-]{subsection.2.2}{\376\377\000A\000s\000t\000e\000r\000a\000c\000e\000a\000e}{section.2}% 9
\BOOKMARK [3][-]{subsubsection.2.2.1}{\376\377\000A\000c\000h\000i\000l\000l\000\351\000e\000\040\000m\000i\000l\000l\000e\000f\000e\000u\000i\000l\000l\000e}{subsection.2.2}% 10
\BOOKMARK [2][-]{subsection.2.3}{\376\377\000B\000r\000a\000c\000i\000c\000a\000c\000e\000a\000e}{section.2}% 11
\BOOKMARK [2][-]{subsection.2.4}{\376\377\000H\000y\000p\000e\000r\000i\000c\000a\000c\000e\000a\000e}{section.2}% 12
\BOOKMARK [3][-]{subsubsection.2.4.1}{\376\377\000M\000i\000l\000l\000e\000p\000e\000r\000t\000u\000i\000s}{subsection.2.4}% 13
\BOOKMARK [2][-]{subsection.2.5}{\376\377\000L\000a\000m\000i\000a\000c\000e\000a\000e}{section.2}% 14
\BOOKMARK [3][-]{subsubsection.2.5.1}{\376\377\000S\000a\000u\000g\000e}{subsection.2.5}% 15
\BOOKMARK [3][-]{subsubsection.2.5.2}{\376\377\000R\000o\000m\000a\000r\000i\000n}{subsection.2.5}% 16
\BOOKMARK [2][-]{subsection.2.6}{\376\377\000R\000o\000s\000a\000c\000e\000a\000e}{section.2}% 17
\BOOKMARK [3][-]{subsubsection.2.6.1}{\376\377\000A\000u\000b\000\351\000p\000i\000n\000e}{subsection.2.6}% 18
\BOOKMARK [2][-]{subsection.2.7}{\376\377\000S\000o\000l\000a\000n\000a\000c\000e\000a\000e}{section.2}% 19
\BOOKMARK [2][-]{subsection.2.8}{\376\377\000U\000r\000t\000i\000c\000a\000c\000e\000a\000e}{section.2}% 20
\BOOKMARK [3][-]{subsubsection.2.8.1}{\376\377\000O\000r\000t\000i\000e}{subsection.2.8}% 21
\BOOKMARK [1][-]{section.3}{\376\377\000R\000e\000c\000e\000t\000t\000e\000s}{}% 22
\BOOKMARK [2][-]{subsection.3.1}{\376\377\000B\000a\000u\000m\000e\000s}{section.3}% 23
\BOOKMARK [3][-]{subsubsection.3.1.1}{\376\377\000B\000a\000u\000m\000e\000\040\000\340\000\040\000l\000\350\000v\000r\000e\000s\000\040\000-\000\040\000a\000n\000t\000i\000-\000i\000n\000f\000l\000a\000m\000m\000a\000t\000o\000i\000r\000e\000\040}{subsection.3.1}% 24
\BOOKMARK [3][-]{subsubsection.3.1.2}{\376\377\000B\000a\000u\000m\000e\000\040\000p\000o\000u\000r\000\040\000l\000a\000\040\000l\000i\000g\000n\000\351\000e\000\040\000f\000\351\000m\000i\000n\000i\000n\000e\000\040}{subsection.3.1}% 25
\BOOKMARK [2][-]{subsection.3.2}{\376\377\000C\000u\000i\000s\000i\000n\000e}{section.3}% 26
\BOOKMARK [2][-]{subsection.3.3}{\376\377\000O\000n\000g\000u\000e\000n\000t\000s}{section.3}% 27
\BOOKMARK [2][-]{subsection.3.4}{\376\377\000H\000u\000i\000l\000e\000s}{section.3}% 28
\BOOKMARK [2][-]{subsection.3.5}{\376\377\000T\000i\000s\000a\000n\000e\000s}{section.3}% 29
\BOOKMARK [2][-]{subsection.3.6}{\376\377\000V\000i\000n\000a\000i\000g\000r\000e\000s}{section.3}% 30
\BOOKMARK [3][-]{subsubsection.3.6.1}{\376\377\000V\000i\000n\000a\000i\000g\000r\000e\000\040\000d\000'\000o\000r\000i\000g\000a\000n\000\040}{subsection.3.6}% 31
\BOOKMARK [1][-]{section.4}{\376\377\000U\000t\000i\000l\000i\000s\000a\000t\000i\000o\000n\000s\000\040\000m\000\351\000d\000i\000c\000i\000n\000a\000l\000e\000s}{}% 32
\BOOKMARK [2][-]{subsection.4.1}{\376\377\000S\000a\000i\000g\000n\000e\000m\000e\000n\000t\000s}{section.4}% 33
\BOOKMARK [2][-]{subsection.4.2}{\376\377\000M\000i\000g\000r\000a\000i\000n\000e\000s}{section.4}% 34
\BOOKMARK [2][-]{subsection.4.3}{\376\377\000D\000o\000u\000l\000e\000u\000r\000s\000\040\000d\000e\000\040\000r\000\350\000g\000l\000e\000s}{section.4}% 35
\BOOKMARK [2][-]{subsection.4.4}{\376\377\000B\000r\000u\000l\000\373\000r\000e\000s}{section.4}% 36
\BOOKMARK [2][-]{subsection.4.5}{\376\377\000I\000r\000r\000i\000t\000a\000t\000i\000o\000n\000s}{section.4}% 37
\BOOKMARK [2][-]{subsection.4.6}{\376\377\000C\000o\000u\000p\000u\000r\000e\000s}{section.4}% 38
\BOOKMARK [2][-]{subsection.4.7}{\376\377\000B\000a\000l\000l\000o\000n\000n\000e\000m\000e\000n\000t\000s}{section.4}% 39
\BOOKMARK [1][-]{section.5}{\376\377\000L\000i\000s\000t\000e\000\040\000d\000e\000s\000\040\0001\0004\0008}{}% 40
\BOOKMARK [1][-]{section*.3}{\376\377\000I\000n\000d\000e\000x\000\040\000d\000e\000s\000\040\000t\000e\000r\000m\000e\000s}{}% 41
\BOOKMARK [1][-]{section*.5}{\376\377\000R\000\351\000f\000\351\000r\000e\000n\000c\000e\000s}{}% 42
<<<<<<< Updated upstream
>>>>>>> Stashed changes
=======
>>>>>>> Stashed changes
